<?xml version="1.0" encoding="UTF-8"?>
<testsuite xmlns:xsi="http://www.w3.org/2001/XMLSchema-instance" xsi:noNamespaceSchemaLocation="https://maven.apache.org/surefire/maven-surefire-plugin/xsd/surefire-test-report-3.0.xsd" version="3.0" name="WebDriverUnitTest" time="22.76" tests="1" errors="0" skipped="0" failures="0">
  <properties>
[...]
</properties>
  <testcase name="shop" classname="WebDriverUnitTest" time="22.696">
    <system-err><![CDATA[1716602049980	geckodriver	INFO	Listening on 127.0.0.1:64170
1716602050158	mozrunner::runner	INFO	Running command: "C:\\Program Files\\Mozilla Firefox\\firefox.exe" "--marionette" "-no-remote" "-profile" "C:\\Users\\Asus\\AppData\\Local\\Temp\\rust_mozprofileNkePDa"
console.warn: services.settings: Ignoring preference override of remote settings server
console.warn: services.settings: Allow by setting MOZ_REMOTE_SETTINGS_DEVTOOLS=1 in the environment
1716602050717	Marionette	INFO	Marionette enabled
Dynamically enable window occlusion 0
1716602051316	Marionette	INFO	Listening on port 49256
Read port: 49256
1716602051542	RemoteAgent	WARN	TLS certificate errors will be ignored for this session
мая 25, 2024 4:54:13 AM org.openqa.selenium.remote.ProtocolHandshake createSession
INFO: Detected dialect: W3C
console.error: ({})
console.error: ({})
JavaScript error: https://shop.tinkoff.ru/catalog/clothes/svitshoty-i-khudi, line 259: TypeError: goodsList.goods is undefined
console.error: ({})
1716602070888	Marionette	INFO	Stopped listening on port 49256
JavaScript warning: https://aq.dolyame.ru/3503/client.js?ts=1716602061525 line 6 > eval, line 27: Script terminated by timeout at:
e@https://aq.dolyame.ru/3503/client.js?ts=1716602061525 line 6 > eval:27:66654

Dynamically enable window occlusion 1
JavaScript error: , line 0: AbortError: The operation was aborted. 
]]></system-err>
  </testcase>
</testsuite>